<?xml version="1.0" encoding="UTF-8"?>
<!-- Generated by org.testng.reporters.JUnitReportReporter -->
<testsuite name="ntt.data.docker_selenium_implementation.StopDocker" tests="1" time="4.621" ignored="0" failures="0" timestamp="03 Aug 2019 21:32:55 GMT" skipped="0" hostname="DESKTOP-9P5SDUB" errors="0">
  <testcase name="inititeDocker" time="4.621" classname="ntt.data.docker_selenium_implementation.StopDocker"/>
</testsuite> <!-- ntt.data.docker_selenium_implementation.StopDocker -->
