<?xml version="1.0" encoding="UTF-8"?>
<!-- Generated by org.testng.reporters.JUnitReportReporter -->
<testsuite name="ntt.data.docker_selenium_implementation.ChromeTest3" tests="1" time="33.727" ignored="0" failures="0" timestamp="04 Aug 2019 18:43:00 GMT" skipped="0" hostname="DESKTOP-9P5SDUB" errors="0">
  <testcase name="test3" time="33.727" classname="ntt.data.docker_selenium_implementation.ChromeTest3"/>
</testsuite> <!-- ntt.data.docker_selenium_implementation.ChromeTest3 -->
