<?xml version="1.0" encoding="UTF-8"?>
<!-- Generated by org.testng.reporters.JUnitReportReporter -->
<testsuite name="ntt.data.sel.ChromeTest1" tests="1" time="63.905" ignored="0" failures="0" timestamp="17 Aug 2019 07:19:16 GMT" skipped="0" hostname="DESKTOP-9P5SDUB" errors="0">
  <testcase name="test1" time="63.905" classname="ntt.data.sel.ChromeTest1"/>
</testsuite> <!-- ntt.data.sel.ChromeTest1 -->
